0 info it worked if it ends with ok
1 verbose cli [ 'C:\\Program Files (x86)\\node.exe',
1 verbose cli   'C:\\Users\\fengbinbin\\AppData\\Roaming\\npm\\node_modules\\npm\\bin\\npm-cli.js',
1 verbose cli   'install' ]
2 info using npm@3.10.8
3 info using node@v4.4.0
4 silly loadCurrentTree Starting
5 silly install loadCurrentTree
6 silly install readLocalPackageData
7 verbose stack Error: kill ENOSYS
7 verbose stack     at exports._errnoException (util.js:870:11)
7 verbose stack     at process.kill (node.js:777:15)
7 verbose stack     at process.listener (C:\Users\fengbinbin\AppData\Roaming\npm\node_modules\npm\node_modules\npmlog\node_modules\gauge\node_modules\signal-exit\index.js:86:15)
7 verbose stack     at emitNone (events.js:72:20)
7 verbose stack     at process.emit (events.js:166:7)
7 verbose stack     at processEmit (C:\Users\fengbinbin\AppData\Roaming\npm\node_modules\npm\node_modules\npmlog\node_modules\gauge\node_modules\signal-exit\index.js:146:32)
7 verbose stack     at processEmit (C:\Users\fengbinbin\AppData\Roaming\npm\node_modules\npm\node_modules\npm-registry-client\node_modules\npmlog\node_modules\gauge\node_modules\signal-exit\index.js:146:32)
7 verbose stack     at Signal.wrap.onsignal (node.js:804:46)
8 verbose cwd G:\实训二项目\copy1512
9 error Windows_NT 6.3.9600
10 error argv "C:\\Program Files (x86)\\node.exe" "C:\\Users\\fengbinbin\\AppData\\Roaming\\npm\\node_modules\\npm\\bin\\npm-cli.js" "install"
11 error node v4.4.0
12 error npm  v3.10.8
13 error code ENOSYS
14 error errno ENOSYS
15 error syscall kill
16 error kill ENOSYS
17 error If you need help, you may report this error at:
17 error     <https://github.com/npm/npm/issues>
18 verbose exit [ 1, true ]
